[23:12:38] [ServerMain/INFO]: [bootstrap] Running Java 21 (OpenJDK 64-Bit Server VM 21.0.6+7-Ubuntu-120.04.1; Ubuntu null) on Linux 6.5.0-1025-azure (amd64)
[23:12:38] [ServerMain/INFO]: [bootstrap] Loading Paper 1.21.1-57-master@b483da4 (2024-09-01T18:09:05Z) for Minecraft 1.21.1
[23:12:38] [ServerMain/INFO]: [PluginInitializerManager] Initializing plugins...
[23:12:39] [ServerMain/INFO]: [PluginInitializerManager] Initialized 7 plugins
[23:12:39] [ServerMain/INFO]: [PluginInitializerManager] Bukkit plugins (7):
 - BlockLocker (1.13), FastChunkPregenerator (2.0.9-SNAPSHOT), ImageFrame (1.7.10.0), LoginSecurity (3.3.0), SkinsRestorer (15.5.2), WorldEdit (7.3.9+6959-7adf70b), voicechat (2.5.26)
[23:12:43] [ServerMain/WARN]: resource-pack-id missing, using default of 24696f4d-dc48-3d38-9515-c73880600e81
[23:12:43] [ServerMain/INFO]: Environment: Environment[sessionHost=https://sessionserver.mojang.com, servicesHost=https://api.minecraftservices.com, name=PROD]
[23:12:48] [ServerMain/INFO]: Loaded 1320 recipes
[23:12:48] [ServerMain/ERROR]: Failed to load function witherking:abilities/laserbeam/main_tick
java.util.concurrent.CompletionException: java.lang.IllegalArgumentException: Whilst parsing command on line 9: Incorrect argument for command at position 46: ... ..80 run <--[HERE]
	at java.base/java.util.concurrent.CompletableFuture.encodeThrowable(CompletableFuture.java:315) ~[?:?]
	at java.base/java.util.concurrent.CompletableFuture.completeThrowable(CompletableFuture.java:320) ~[?:?]
	at java.base/java.util.concurrent.CompletableFuture$AsyncSupply.run(CompletableFuture.java:1770) ~[?:?]
	at java.base/java.util.concurrent.ThreadPoolExecutor.runWorker(ThreadPoolExecutor.java:1144) ~[?:?]
	at java.base/java.util.concurrent.ThreadPoolExecutor$Worker.run(ThreadPoolExecutor.java:642) ~[?:?]
	at java.base/java.lang.Thread.run(Thread.java:1583) ~[?:?]
Caused by: java.lang.IllegalArgumentException: Whilst parsing command on line 9: Incorrect argument for command at position 46: ... ..80 run <--[HERE]
	at net.minecraft.commands.functions.CommandFunction.fromLines(CommandFunction.java:86) ~[paper-1.21.1.jar:1.21.1-57-b483da4]
	at net.minecraft.server.ServerFunctionLibrary.lambda$reload$2(ServerFunctionLibrary.java:97) ~[paper-1.21.1.jar:1.21.1-57-b483da4]
	at java.base/java.util.concurrent.CompletableFuture$AsyncSupply.run(CompletableFuture.java:1768) ~[?:?]
	... 3 more
[23:12:48] [ServerMain/ERROR]: Couldn't load advancements: [minecraft:wander_add_map, minecraft:give_quest_trader_trade]
[23:12:48] [ServerMain/INFO]: Loaded 1697 advancements
[23:12:49] [Server thread/INFO]: Starting minecraft server version 1.21.1
[23:12:49] [Server thread/INFO]: Loading properties
[23:12:49] [Server thread/INFO]: This server is running Paper version 1.21.1-57-master@b483da4 (2024-09-01T18:09:05Z) (Implementing API version 1.21.1-R0.1-SNAPSHOT)
[23:12:49] [Server thread/INFO]: [spark] This server bundles the spark profiler. For more information please visit https://docs.papermc.io/paper/profiling
[23:12:50] [Server thread/INFO]: Server Ping Player Sample Count: 12
[23:12:50] [Server thread/INFO]: Using 4 threads for Netty based IO
[23:12:50] [Server thread/INFO]: [ChunkTaskScheduler] Chunk system is using 1 I/O threads, 1 worker threads, and population gen parallelism of 1 threads
[23:12:51] [Server thread/INFO]: Default game type: SURVIVAL
[23:12:51] [Server thread/INFO]: Generating keypair
[23:12:51] [Server thread/INFO]: Starting Minecraft server on *:25565
[23:12:51] [Server thread/INFO]: Using epoll channel type
[23:12:51] [Server thread/INFO]: Paper: Using libdeflate (Linux x86_64) compression from Velocity.
[23:12:51] [Server thread/INFO]: Paper: Using OpenSSL 1.1.x (Linux x86_64) cipher from Velocity.
[23:12:51] [Server thread/INFO]: [SkinsRestorer] Loading server plugin SkinsRestorer v15.5.2
[23:12:51] [Server thread/INFO]: [ImageFrame] Loading server plugin ImageFrame v1.7.10.0
[23:12:51] [Server thread/INFO]: [WorldEdit] Loading server plugin WorldEdit v7.3.9+6959-7adf70b
[23:12:53] [Server thread/INFO]: Got request to register class com.sk89q.worldedit.bukkit.BukkitServerInterface with WorldEdit [com.sk89q.worldedit.extension.platform.PlatformManager@61a2c2c0]
[23:12:53] [Server thread/INFO]: [LoginSecurity] Loading server plugin LoginSecurity v3.3.0
[23:12:53] [Server thread/INFO]: [voicechat] Loading server plugin voicechat v2.5.26
[23:12:53] [Server thread/INFO]: [BlockLocker] Loading server plugin BlockLocker v1.13
[23:12:53] [Server thread/INFO]: [FastChunkPregenerator] Loading server plugin FastChunkPregenerator v2.0.9-SNAPSHOT
[23:12:53] [Server thread/INFO]: Server permissions file permissions.yml is empty, ignoring it
[23:12:53] [Server thread/INFO]: [SkinsRestorer] Enabling SkinsRestorer v15.5.2
[23:12:54] [Server thread/WARN]: [SkinsRestorer] You must agree to the rules at 'commands.perSkinPermissionsConsent' in the config to use per skin permissions.
[23:12:54] [Server thread/INFO]: [SkinsRestorer] Running on Minecraft 1.21.1.
[23:12:55] [Server thread/INFO]: [SkinsRestorer] Using paper join listener!
[23:12:55] [Server thread/INFO]: [WorldEdit] Enabling WorldEdit v7.3.9+6959-7adf70b
[23:12:55] [Server thread/INFO]: Registering commands with com.sk89q.worldedit.bukkit.BukkitServerInterface
[23:12:55] [Folia Async Scheduler Thread #1/INFO]: [SkinsRestorer] ----------------------------------------------
[23:12:55] [Folia Async Scheduler Thread #1/INFO]: [SkinsRestorer]     +==================+
[23:12:55] [Folia Async Scheduler Thread #1/INFO]: [SkinsRestorer]     |   SkinsRestorer  |
[23:12:55] [Folia Async Scheduler Thread #1/INFO]: [SkinsRestorer]     |------------------|
[23:12:55] [Folia Async Scheduler Thread #1/INFO]: [SkinsRestorer]     |  Standalone Mode |
[23:12:55] [Folia Async Scheduler Thread #1/INFO]: [SkinsRestorer]     +==================+
[23:12:55] [Folia Async Scheduler Thread #1/INFO]: [SkinsRestorer] ----------------------------------------------
[23:12:55] [Folia Async Scheduler Thread #1/INFO]: [SkinsRestorer]     Version: 15.5.2
[23:12:55] [Folia Async Scheduler Thread #1/INFO]: [SkinsRestorer]     Commit: ae257f6
[23:12:55] [Folia Async Scheduler Thread #1/INFO]: [SkinsRestorer]     This is the latest version!
[23:12:55] [Folia Async Scheduler Thread #1/INFO]: [SkinsRestorer] ----------------------------------------------
[23:12:55] [Folia Async Scheduler Thread #1/INFO]: [SkinsRestorer] Do you have issues? Read our troubleshooting guide: https://skinsrestorer.net/docs/troubleshooting
[23:12:55] [Folia Async Scheduler Thread #1/INFO]: [SkinsRestorer] Want to support SkinsRestorer? Consider donating: https://skinsrestorer.net/donate
[23:12:55] [Server thread/INFO]: WEPIF: Using the Bukkit Permissions API.
[23:12:56] [Server thread/INFO]: Using com.sk89q.worldedit.bukkit.adapter.impl.v1_21.PaperweightAdapter as the Bukkit adapter
[23:12:58] [Server thread/INFO]: [BlockLocker] Enabling BlockLocker v1.13
[23:12:58] [Server thread/WARN]: [org.bukkit.craftbukkit.legacy.CraftLegacy] Initializing Legacy Material Support. Unless you have legacy plugins and/or data this is a bug!
[23:13:04] [Server thread/WARN]: [BlockLocker] Cannot recognize material pale_oak_door, ignoring it
[23:13:04] [Server thread/WARN]: [BlockLocker] Cannot recognize material pale_oak_fence_gate, ignoring it
[23:13:04] [Server thread/WARN]: [BlockLocker] Cannot recognize material pale_oak_trapdoor, ignoring it
[23:13:05] [Server thread/WARN]: **** SERVER IS RUNNING IN OFFLINE/INSECURE MODE!
[23:13:05] [Server thread/WARN]: The server will make no attempt to authenticate usernames. Beware.
[23:13:05] [Server thread/WARN]: While this makes the game possible to play without internet access, it also opens up the ability for hackers to connect with any username they choose.
[23:13:05] [Server thread/WARN]: To change this, set "online-mode" to "true" in the server.properties file.
[23:13:05] [Server thread/INFO]: Preparing level "world"
[23:13:06] [Server thread/INFO]: Preparing start region for dimension minecraft:overworld
[23:13:07] [Server thread/INFO]: Time elapsed: 955 ms
[23:13:07] [Server thread/INFO]: Preparing start region for dimension minecraft:the_nether
[23:13:07] [Server thread/INFO]: Time elapsed: 263 ms
[23:13:07] [Server thread/INFO]: Preparing start region for dimension minecraft:the_end
[23:13:07] [Server thread/INFO]: Time elapsed: 165 ms
[23:13:07] [Server thread/INFO]: Preparing start region for dimension cavernous:the_myst
[23:13:08] [Server thread/INFO]: Time elapsed: 355 ms
[23:13:08] [Server thread/INFO]: [ImageFrame] Enabling ImageFrame v1.7.10.0
[23:13:09] [Server thread/INFO]: [ImageFrame] ImageFrame has been Enabled!
[23:13:09] [Server thread/INFO]: [LoginSecurity] Enabling LoginSecurity v3.3.0
[23:13:09] [Server thread/INFO]: [LoginSecurity] Loading base translations from "en_us"
[23:13:09] [Server thread/INFO]: [LoginSecurity] Loading specified translations from "en_us"
[23:13:09] [Server thread/INFO]: [LoginSecurity] Registering commands...
[23:13:09] [Server thread/INFO]: [LoginSecurity] Registering listeners...
[23:13:09] [Server thread/INFO]: [LoginSecurity] Using 1.12+ map captcha renderer
[23:13:09] [Server thread/INFO]: [voicechat] Enabling voicechat v2.5.26
[23:13:09] [Server thread/INFO]: [voicechat] Initializing compatibility for Bukkit version 1.21.1-R0.1
[23:13:09] [Server thread/INFO]: [voicechat] Compatibility version 18
[23:13:09] [Server thread/INFO]: [voicechat] Successfully initialized commodore command completion
[23:13:09] [Server thread/INFO]: [FastChunkPregenerator] Enabling FastChunkPregenerator v2.0.9-SNAPSHOT
[23:13:09] [Server thread/INFO]: [FastChunkPregenerator] >> Paper was found.
[23:13:09] [Server thread/INFO]: [FastChunkPregenerator] >> Async chunk loading support is enabled.
[23:13:09] [Server thread/INFO]: [spark] Starting background profiler...
[23:13:10] [Server thread/INFO]: Done preparing level "world" (5.199s)
[23:13:10] [Server thread/INFO]: Running delayed init tasks
[23:13:10] [Server thread/INFO]: Done (32.745s)! For help, type "help"
[23:13:10] [Server thread/INFO]: Timings Reset
[23:13:10] [Server thread/INFO]: [voicechat] Loading plugins
[23:13:10] [Server thread/INFO]: [voicechat] Loaded 0 plugin(s)
[23:13:10] [Server thread/INFO]: [voicechat] Initializing plugins
[23:13:10] [Server thread/INFO]: [voicechat] Initialized 0 plugin(s)
[23:13:10] [Server thread/WARN]: [voicechat] Running in offline mode - Voice chat encryption is not secure!
[23:13:10] [VoiceChatServerThread/INFO]: [voicechat] Voice chat server started at 100.119.93.34:24454
[23:13:11] [Craft Scheduler Thread - 0 - ImageFrame/INFO]: [ImageFrame] Data loading completed! Loaded 3 ImageMaps!
[23:13:13] [User Authenticator #0/INFO]: UUID of player thenoxplayer is 75b751ed-9d4b-3eb0-b6e9-8ac93294d4e5
[23:13:24] [Server thread/INFO]: thenoxplayer joined the game
[23:13:25] [Server thread/INFO]: thenoxplayer[/100.86.158.5:49973] logged in with entity id 34 at ([world_nether]-1308.7315821892569, 51.0, -4554.201714139695)
[23:13:25] [Server thread/INFO]: [voicechat] Received secret request of thenoxplayer (18)
[23:13:25] [Server thread/INFO]: [voicechat] Sent secret to thenoxplayer
[23:13:25] [VoiceChatPacketProcessingThread/INFO]: [voicechat] Successfully authenticated player 75b751ed-9d4b-3eb0-b6e9-8ac93294d4e5
[23:13:26] [VoiceChatPacketProcessingThread/INFO]: [voicechat] Successfully validated connection of player 75b751ed-9d4b-3eb0-b6e9-8ac93294d4e5
[23:13:26] [VoiceChatPacketProcessingThread/INFO]: [voicechat] Player thenoxplayer (75b751ed-9d4b-3eb0-b6e9-8ac93294d4e5) successfully connected to voice chat
[23:18:36] [Server thread/INFO]: [Not Secure] [Server] ban thenoxplayer
[23:18:39] [Async Chat Thread - #0/INFO]: [Not Secure] <thenoxplayer> down
[23:18:48] [Server thread/INFO]: [Not Secure] [Server] hola mierdiplayer
[23:22:20] [Server thread/INFO]: Named entity Vex['Restless Spirit'/1005, uuid='1e2713a6-1c0a-4387-8d36-5b7a9572e523', l='ServerLevel[world_nether]', x=-1660.19, y=43.82, z=-5548.77, cpos=[-104, -347], tl=59, v=true] died: Restless Spirit was shot by Piglin
